[     383ms] [INFO] %cDownload the React DevTools for a better development experience: https://react.dev/link/react-devtools font-weight:bold @ http://host.docker.internal:3001/_next/static/chunks/1hdb_next_dist_1icsjrr._.js:2477
[    2754ms] [ERROR] WebSocket connection to 'ws://host.docker.internal:3001/_next/webpack-hmr?id=AJbtjJXN_9TJ1tLkCIZfZ' failed: Error during WebSocket handshake: net::ERR_INVALID_HTTP_RESPONSE @ http://host.docker.internal:3001/_next/static/chunks/1hdb_next_dist_client_1m-2eb_._.js:13422
[    8043ms] [ERROR] WebSocket connection to 'ws://host.docker.internal:3001/_next/webpack-hmr?id=AJbtjJXN_9TJ1tLkCIZfZ' failed: Error during WebSocket handshake: net::ERR_INVALID_HTTP_RESPONSE @ http://host.docker.internal:3001/_next/static/chunks/1hdb_next_dist_client_1m-2eb_._.js:13422
[   11578ms] [ERROR] WebSocket connection to 'ws://host.docker.internal:3001/_next/webpack-hmr?id=AJbtjJXN_9TJ1tLkCIZfZ' failed: Error during WebSocket handshake: net::ERR_INVALID_HTTP_RESPONSE @ http://host.docker.internal:3001/_next/static/chunks/1hdb_next_dist_client_1m-2eb_._.js:13422
[   18005ms] [ERROR] WebSocket connection to 'ws://host.docker.internal:3001/_next/webpack-hmr?id=AJbtjJXN_9TJ1tLkCIZfZ' failed: Error during WebSocket handshake: net::ERR_INVALID_HTTP_RESPONSE @ http://host.docker.internal:3001/_next/static/chunks/1hdb_next_dist_client_1m-2eb_._.js:13422
[   21109ms] [ERROR] WebSocket connection to 'ws://host.docker.internal:3001/_next/webpack-hmr?id=AJbtjJXN_9TJ1tLkCIZfZ' failed: Error during WebSocket handshake: net::ERR_INVALID_HTTP_RESPONSE @ http://host.docker.internal:3001/_next/static/chunks/1hdb_next_dist_client_1m-2eb_._.js:13422
[   26721ms] [ERROR] WebSocket connection to 'ws://host.docker.internal:3001/_next/webpack-hmr?id=AJbtjJXN_9TJ1tLkCIZfZ' failed: Error during WebSocket handshake: net::ERR_INVALID_HTTP_RESPONSE @ http://host.docker.internal:3001/_next/static/chunks/1hdb_next_dist_client_1m-2eb_._.js:13422
[   32946ms] [ERROR] WebSocket connection to 'ws://host.docker.internal:3001/_next/webpack-hmr?id=AJbtjJXN_9TJ1tLkCIZfZ' failed: Error during WebSocket handshake: net::ERR_INVALID_HTTP_RESPONSE @ http://host.docker.internal:3001/_next/static/chunks/1hdb_next_dist_client_1m-2eb_._.js:13422
[   39242ms] [ERROR] WebSocket connection to 'ws://host.docker.internal:3001/_next/webpack-hmr?id=AJbtjJXN_9TJ1tLkCIZfZ' failed: Error during WebSocket handshake: net::ERR_INVALID_HTTP_RESPONSE @ http://host.docker.internal:3001/_next/static/chunks/1hdb_next_dist_client_1m-2eb_._.js:13422
[   46592ms] [ERROR] WebSocket connection to 'ws://host.docker.internal:3001/_next/webpack-hmr?id=AJbtjJXN_9TJ1tLkCIZfZ' failed: Error during WebSocket handshake: net::ERR_INVALID_HTTP_RESPONSE @ http://host.docker.internal:3001/_next/static/chunks/1hdb_next_dist_client_1m-2eb_._.js:13422
[   53686ms] [ERROR] WebSocket connection to 'ws://host.docker.internal:3001/_next/webpack-hmr?id=AJbtjJXN_9TJ1tLkCIZfZ' failed: Error during WebSocket handshake: net::ERR_INVALID_HTTP_RESPONSE @ http://host.docker.internal:3001/_next/static/chunks/1hdb_next_dist_client_1m-2eb_._.js:13422
[   61140ms] [ERROR] WebSocket connection to 'ws://host.docker.internal:3001/_next/webpack-hmr?id=AJbtjJXN_9TJ1tLkCIZfZ' failed: Error during WebSocket handshake: net::ERR_INVALID_HTTP_RESPONSE @ http://host.docker.internal:3001/_next/static/chunks/1hdb_next_dist_client_1m-2eb_._.js:13422
[   67867ms] [ERROR] WebSocket connection to 'ws://host.docker.internal:3001/_next/webpack-hmr?id=AJbtjJXN_9TJ1tLkCIZfZ' failed: Error during WebSocket handshake: net::ERR_INVALID_HTTP_RESPONSE @ http://host.docker.internal:3001/_next/static/chunks/1hdb_next_dist_client_1m-2eb_._.js:13422
[   78288ms] [ERROR] WebSocket connection to 'ws://host.docker.internal:3001/_next/webpack-hmr?id=AJbtjJXN_9TJ1tLkCIZfZ' failed: Error during WebSocket handshake: net::ERR_INVALID_HTTP_RESPONSE @ http://host.docker.internal:3001/_next/static/chunks/1hdb_next_dist_client_1m-2eb_._.js:13422
[   78662ms] [INFO] %cDownload the React DevTools for a better development experience: https://react.dev/link/react-devtools font-weight:bold @ http://host.docker.internal:3001/_next/static/chunks/1hdb_next_dist_1icsjrr._.js:2477
[   79977ms] [ERROR] WebSocket connection to 'ws://host.docker.internal:3001/_next/webpack-hmr?id=2YCL_TLMAHP797ALUl6B1' failed: Error during WebSocket handshake: net::ERR_INVALID_HTTP_RESPONSE @ http://host.docker.internal:3001/_next/static/chunks/1hdb_next_dist_client_1m-2eb_._.js:13422
[   85737ms] [ERROR] WebSocket connection to 'ws://host.docker.internal:3001/_next/webpack-hmr?id=2YCL_TLMAHP797ALUl6B1' failed: Error during WebSocket handshake: net::ERR_INVALID_HTTP_RESPONSE @ http://host.docker.internal:3001/_next/static/chunks/1hdb_next_dist_client_1m-2eb_._.js:13422
[   90375ms] [ERROR] WebSocket connection to 'ws://host.docker.internal:3001/_next/webpack-hmr?id=2YCL_TLMAHP797ALUl6B1' failed: Error during WebSocket handshake: net::ERR_INVALID_HTTP_RESPONSE @ http://host.docker.internal:3001/_next/static/chunks/1hdb_next_dist_client_1m-2eb_._.js:13422
[   96006ms] [ERROR] WebSocket connection to 'ws://host.docker.internal:3001/_next/webpack-hmr?id=2YCL_TLMAHP797ALUl6B1' failed: Error during WebSocket handshake: net::ERR_INVALID_HTTP_RESPONSE @ http://host.docker.internal:3001/_next/static/chunks/1hdb_next_dist_client_1m-2eb_._.js:13422
[   99111ms] [ERROR] WebSocket connection to 'ws://host.docker.internal:3001/_next/webpack-hmr?id=2YCL_TLMAHP797ALUl6B1' failed: Error during WebSocket handshake: net::ERR_INVALID_HTTP_RESPONSE @ http://host.docker.internal:3001/_next/static/chunks/1hdb_next_dist_client_1m-2eb_._.js:13422
[  103618ms] [ERROR] WebSocket connection to 'ws://host.docker.internal:3001/_next/webpack-hmr?id=2YCL_TLMAHP797ALUl6B1' failed: Error during WebSocket handshake: net::ERR_INVALID_HTTP_RESPONSE @ http://host.docker.internal:3001/_next/static/chunks/1hdb_next_dist_client_1m-2eb_._.js:13422
[  111950ms] [ERROR] WebSocket connection to 'ws://host.docker.internal:3001/_next/webpack-hmr?id=2YCL_TLMAHP797ALUl6B1' failed: Error during WebSocket handshake: net::ERR_INVALID_HTTP_RESPONSE @ http://host.docker.internal:3001/_next/static/chunks/1hdb_next_dist_client_1m-2eb_._.js:13422
[  120132ms] [ERROR] WebSocket connection to 'ws://host.docker.internal:3001/_next/webpack-hmr?id=2YCL_TLMAHP797ALUl6B1' failed: Error during WebSocket handshake: net::ERR_INVALID_HTTP_RESPONSE @ http://host.docker.internal:3001/_next/static/chunks/1hdb_next_dist_client_1m-2eb_._.js:13422
[  129035ms] [ERROR] WebSocket connection to 'ws://host.docker.internal:3001/_next/webpack-hmr?id=2YCL_TLMAHP797ALUl6B1' failed: Error during WebSocket handshake: net::ERR_INVALID_HTTP_RESPONSE @ http://host.docker.internal:3001/_next/static/chunks/1hdb_next_dist_client_1m-2eb_._.js:13422
[  138299ms] [ERROR] WebSocket connection to 'ws://host.docker.internal:3001/_next/webpack-hmr?id=2YCL_TLMAHP797ALUl6B1' failed: Error during WebSocket handshake: net::ERR_INVALID_HTTP_RESPONSE @ http://host.docker.internal:3001/_next/static/chunks/1hdb_next_dist_client_1m-2eb_._.js:13422
[  145369ms] [ERROR] WebSocket connection to 'ws://host.docker.internal:3001/_next/webpack-hmr?id=2YCL_TLMAHP797ALUl6B1' failed: Error during WebSocket handshake: net::ERR_INVALID_HTTP_RESPONSE @ http://host.docker.internal:3001/_next/static/chunks/1hdb_next_dist_client_1m-2eb_._.js:13422
[  153162ms] [ERROR] WebSocket connection to 'ws://host.docker.internal:3001/_next/webpack-hmr?id=2YCL_TLMAHP797ALUl6B1' failed: Error during WebSocket handshake: net::ERR_INVALID_HTTP_RESPONSE @ http://host.docker.internal:3001/_next/static/chunks/1hdb_next_dist_client_1m-2eb_._.js:13422
[  161929ms] [ERROR] WebSocket connection to 'ws://host.docker.internal:3001/_next/webpack-hmr?id=2YCL_TLMAHP797ALUl6B1' failed: Error during WebSocket handshake: net::ERR_INVALID_HTTP_RESPONSE @ http://host.docker.internal:3001/_next/static/chunks/1hdb_next_dist_client_1m-2eb_._.js:13422
[  162063ms] [INFO] %cDownload the React DevTools for a better development experience: https://react.dev/link/react-devtools font-weight:bold @ http://host.docker.internal:3001/_next/static/chunks/1hdb_next_dist_1icsjrr._.js:2477
[  164822ms] [ERROR] WebSocket connection to 'ws://host.docker.internal:3001/_next/webpack-hmr?id=per-XB0jYT3KV6331TpWk' failed: Error during WebSocket handshake: net::ERR_INVALID_HTTP_RESPONSE @ http://host.docker.internal:3001/_next/static/chunks/1hdb_next_dist_client_1m-2eb_._.js:13422
[  171313ms] [ERROR] WebSocket connection to 'ws://host.docker.internal:3001/_next/webpack-hmr?id=per-XB0jYT3KV6331TpWk' failed: Error during WebSocket handshake: net::ERR_INVALID_HTTP_RESPONSE @ http://host.docker.internal:3001/_next/static/chunks/1hdb_next_dist_client_1m-2eb_._.js:13422
[  174369ms] [ERROR] WebSocket connection to 'ws://host.docker.internal:3001/_next/webpack-hmr?id=per-XB0jYT3KV6331TpWk' failed: Error during WebSocket handshake: net::ERR_INVALID_HTTP_RESPONSE @ http://host.docker.internal:3001/_next/static/chunks/1hdb_next_dist_client_1m-2eb_._.js:13422
[  178495ms] [ERROR] WebSocket connection to 'ws://host.docker.internal:3001/_next/webpack-hmr?id=per-XB0jYT3KV6331TpWk' failed: Error during WebSocket handshake: net::ERR_INVALID_HTTP_RESPONSE @ http://host.docker.internal:3001/_next/static/chunks/1hdb_next_dist_client_1m-2eb_._.js:13422
