[     168ms] [INFO] %cDownload the React DevTools for a better development experience: https://react.dev/link/react-devtools font-weight:bold @ http://host.docker.internal:3001/_next/static/chunks/1hdb_next_dist_1icsjrr._.js:2477
[     431ms] [ERROR] WebSocket connection to 'ws://host.docker.internal:3001/_next/webpack-hmr?id=g71NxkZRSEVOE8Y1C6ozW' failed: Error during WebSocket handshake: net::ERR_INVALID_HTTP_RESPONSE @ http://host.docker.internal:3001/_next/static/chunks/1hdb_next_dist_client_1m-2eb_._.js:13422
[    1696ms] [ERROR] WebSocket connection to 'ws://host.docker.internal:3001/_next/webpack-hmr?id=g71NxkZRSEVOE8Y1C6ozW' failed: Error during WebSocket handshake: net::ERR_INVALID_HTTP_RESPONSE @ http://host.docker.internal:3001/_next/static/chunks/1hdb_next_dist_client_1m-2eb_._.js:13422
[    3269ms] [ERROR] WebSocket connection to 'ws://host.docker.internal:3001/_next/webpack-hmr?id=g71NxkZRSEVOE8Y1C6ozW' failed: Error during WebSocket handshake: net::ERR_INVALID_HTTP_RESPONSE @ http://host.docker.internal:3001/_next/static/chunks/1hdb_next_dist_client_1m-2eb_._.js:13422
[    6768ms] [ERROR] WebSocket connection to 'ws://host.docker.internal:3001/_next/webpack-hmr?id=g71NxkZRSEVOE8Y1C6ozW' failed: Error during WebSocket handshake: net::ERR_INVALID_HTTP_RESPONSE @ http://host.docker.internal:3001/_next/static/chunks/1hdb_next_dist_client_1m-2eb_._.js:13422
[    9321ms] [ERROR] WebSocket connection to 'ws://host.docker.internal:3001/_next/webpack-hmr?id=g71NxkZRSEVOE8Y1C6ozW' failed: Error during WebSocket handshake: net::ERR_INVALID_HTTP_RESPONSE @ http://host.docker.internal:3001/_next/static/chunks/1hdb_next_dist_client_1m-2eb_._.js:13422
[   16018ms] [ERROR] WebSocket connection to 'ws://host.docker.internal:3001/_next/webpack-hmr?id=g71NxkZRSEVOE8Y1C6ozW' failed: Error during WebSocket handshake: net::ERR_INVALID_HTTP_RESPONSE @ http://host.docker.internal:3001/_next/static/chunks/1hdb_next_dist_client_1m-2eb_._.js:13422
[   23654ms] [ERROR] WebSocket connection to 'ws://host.docker.internal:3001/_next/webpack-hmr?id=g71NxkZRSEVOE8Y1C6ozW' failed: Error during WebSocket handshake: net::ERR_INVALID_HTTP_RESPONSE @ http://host.docker.internal:3001/_next/static/chunks/1hdb_next_dist_client_1m-2eb_._.js:13422
[   32072ms] [ERROR] WebSocket connection to 'ws://host.docker.internal:3001/_next/webpack-hmr?id=g71NxkZRSEVOE8Y1C6ozW' failed: Error during WebSocket handshake: net::ERR_INVALID_HTTP_RESPONSE @ http://host.docker.internal:3001/_next/static/chunks/1hdb_next_dist_client_1m-2eb_._.js:13422
[   40310ms] [ERROR] WebSocket connection to 'ws://host.docker.internal:3001/_next/webpack-hmr?id=g71NxkZRSEVOE8Y1C6ozW' failed: Error during WebSocket handshake: net::ERR_INVALID_HTTP_RESPONSE @ http://host.docker.internal:3001/_next/static/chunks/1hdb_next_dist_client_1m-2eb_._.js:13422
[   50767ms] [ERROR] WebSocket connection to 'ws://host.docker.internal:3001/_next/webpack-hmr?id=g71NxkZRSEVOE8Y1C6ozW' failed: Error during WebSocket handshake: net::ERR_INVALID_HTTP_RESPONSE @ http://host.docker.internal:3001/_next/static/chunks/1hdb_next_dist_client_1m-2eb_._.js:13422
[   60164ms] [ERROR] WebSocket connection to 'ws://host.docker.internal:3001/_next/webpack-hmr?id=g71NxkZRSEVOE8Y1C6ozW' failed: Error during WebSocket handshake: net::ERR_INVALID_HTTP_RESPONSE @ http://host.docker.internal:3001/_next/static/chunks/1hdb_next_dist_client_1m-2eb_._.js:13422
[   68087ms] [ERROR] WebSocket connection to 'ws://host.docker.internal:3001/_next/webpack-hmr?id=g71NxkZRSEVOE8Y1C6ozW' failed: Error during WebSocket handshake: net::ERR_INVALID_HTTP_RESPONSE @ http://host.docker.internal:3001/_next/static/chunks/1hdb_next_dist_client_1m-2eb_._.js:13422
[   78522ms] [ERROR] WebSocket connection to 'ws://host.docker.internal:3001/_next/webpack-hmr?id=g71NxkZRSEVOE8Y1C6ozW' failed: Error during WebSocket handshake: net::ERR_INVALID_HTTP_RESPONSE @ http://host.docker.internal:3001/_next/static/chunks/1hdb_next_dist_client_1m-2eb_._.js:13422
[   78641ms] [INFO] %cDownload the React DevTools for a better development experience: https://react.dev/link/react-devtools font-weight:bold @ http://host.docker.internal:3001/_next/static/chunks/1hdb_next_dist_1icsjrr._.js:2477
[   82664ms] [ERROR] WebSocket connection to 'ws://host.docker.internal:3001/_next/webpack-hmr?id=2_Co7U51ZfNp_a59oeT--' failed: Error during WebSocket handshake: net::ERR_INVALID_HTTP_RESPONSE @ http://host.docker.internal:3001/_next/static/chunks/1hdb_next_dist_client_1m-2eb_._.js:13422
[   85107ms] [ERROR] WebSocket connection to 'ws://host.docker.internal:3001/_next/webpack-hmr?id=2_Co7U51ZfNp_a59oeT--' failed: Error during WebSocket handshake: net::ERR_INVALID_HTTP_RESPONSE @ http://host.docker.internal:3001/_next/static/chunks/1hdb_next_dist_client_1m-2eb_._.js:13422
[   87349ms] [ERROR] WebSocket connection to 'ws://host.docker.internal:3001/_next/webpack-hmr?id=2_Co7U51ZfNp_a59oeT--' failed: Error during WebSocket handshake: net::ERR_INVALID_HTTP_RESPONSE @ http://host.docker.internal:3001/_next/static/chunks/1hdb_next_dist_client_1m-2eb_._.js:13422
[   92580ms] [ERROR] WebSocket connection to 'ws://host.docker.internal:3001/_next/webpack-hmr?id=2_Co7U51ZfNp_a59oeT--' failed: Error during WebSocket handshake: net::ERR_INVALID_HTTP_RESPONSE @ http://host.docker.internal:3001/_next/static/chunks/1hdb_next_dist_client_1m-2eb_._.js:13422
[   98489ms] [ERROR] WebSocket connection to 'ws://host.docker.internal:3001/_next/webpack-hmr?id=2_Co7U51ZfNp_a59oeT--' failed: Error during WebSocket handshake: net::ERR_INVALID_HTTP_RESPONSE @ http://host.docker.internal:3001/_next/static/chunks/1hdb_next_dist_client_1m-2eb_._.js:13422
[  103347ms] [ERROR] WebSocket connection to 'ws://host.docker.internal:3001/_next/webpack-hmr?id=2_Co7U51ZfNp_a59oeT--' failed: Error during WebSocket handshake: net::ERR_INVALID_HTTP_RESPONSE @ http://host.docker.internal:3001/_next/static/chunks/1hdb_next_dist_client_1m-2eb_._.js:13422
[  112662ms] [ERROR] WebSocket connection to 'ws://host.docker.internal:3001/_next/webpack-hmr?id=2_Co7U51ZfNp_a59oeT--' failed: Error during WebSocket handshake: net::ERR_INVALID_HTTP_RESPONSE @ http://host.docker.internal:3001/_next/static/chunks/1hdb_next_dist_client_1m-2eb_._.js:13422
[  120005ms] [ERROR] WebSocket connection to 'ws://host.docker.internal:3001/_next/webpack-hmr?id=2_Co7U51ZfNp_a59oeT--' failed: Error during WebSocket handshake: net::ERR_INVALID_HTTP_RESPONSE @ http://host.docker.internal:3001/_next/static/chunks/1hdb_next_dist_client_1m-2eb_._.js:13422
[  126269ms] [ERROR] WebSocket connection to 'ws://host.docker.internal:3001/_next/webpack-hmr?id=2_Co7U51ZfNp_a59oeT--' failed: Error during WebSocket handshake: net::ERR_INVALID_HTTP_RESPONSE @ http://host.docker.internal:3001/_next/static/chunks/1hdb_next_dist_client_1m-2eb_._.js:13422
[  133944ms] [ERROR] WebSocket connection to 'ws://host.docker.internal:3001/_next/webpack-hmr?id=2_Co7U51ZfNp_a59oeT--' failed: Error during WebSocket handshake: net::ERR_INVALID_HTTP_RESPONSE @ http://host.docker.internal:3001/_next/static/chunks/1hdb_next_dist_client_1m-2eb_._.js:13422
[  143626ms] [ERROR] WebSocket connection to 'ws://host.docker.internal:3001/_next/webpack-hmr?id=2_Co7U51ZfNp_a59oeT--' failed: Error during WebSocket handshake: net::ERR_INVALID_HTTP_RESPONSE @ http://host.docker.internal:3001/_next/static/chunks/1hdb_next_dist_client_1m-2eb_._.js:13422
[  151372ms] [ERROR] WebSocket connection to 'ws://host.docker.internal:3001/_next/webpack-hmr?id=2_Co7U51ZfNp_a59oeT--' failed: Error during WebSocket handshake: net::ERR_INVALID_HTTP_RESPONSE @ http://host.docker.internal:3001/_next/static/chunks/1hdb_next_dist_client_1m-2eb_._.js:13422
[  158099ms] [ERROR] WebSocket connection to 'ws://host.docker.internal:3001/_next/webpack-hmr?id=2_Co7U51ZfNp_a59oeT--' failed: Error during WebSocket handshake: net::ERR_INVALID_HTTP_RESPONSE @ http://host.docker.internal:3001/_next/static/chunks/1hdb_next_dist_client_1m-2eb_._.js:13422
[  158197ms] [INFO] %cDownload the React DevTools for a better development experience: https://react.dev/link/react-devtools font-weight:bold @ http://host.docker.internal:3001/_next/static/chunks/1hdb_next_dist_1icsjrr._.js:2477
[  161745ms] [ERROR] WebSocket connection to 'ws://host.docker.internal:3001/_next/webpack-hmr?id=lK5i8T8gTT5YqR54n-8SD' failed: Error during WebSocket handshake: net::ERR_INVALID_HTTP_RESPONSE @ http://host.docker.internal:3001/_next/static/chunks/1hdb_next_dist_client_1m-2eb_._.js:13422
[  166187ms] [ERROR] WebSocket connection to 'ws://host.docker.internal:3001/_next/webpack-hmr?id=lK5i8T8gTT5YqR54n-8SD' failed: Error during WebSocket handshake: net::ERR_INVALID_HTTP_RESPONSE @ http://host.docker.internal:3001/_next/static/chunks/1hdb_next_dist_client_1m-2eb_._.js:13422
[  169666ms] [ERROR] WebSocket connection to 'ws://host.docker.internal:3001/_next/webpack-hmr?id=lK5i8T8gTT5YqR54n-8SD' failed: Error during WebSocket handshake: net::ERR_INVALID_HTTP_RESPONSE @ http://host.docker.internal:3001/_next/static/chunks/1hdb_next_dist_client_1m-2eb_._.js:13422
[  175090ms] [ERROR] WebSocket connection to 'ws://host.docker.internal:3001/_next/webpack-hmr?id=lK5i8T8gTT5YqR54n-8SD' failed: Error during WebSocket handshake: net::ERR_INVALID_HTTP_RESPONSE @ http://host.docker.internal:3001/_next/static/chunks/1hdb_next_dist_client_1m-2eb_._.js:13422
[  178414ms] [ERROR] WebSocket connection to 'ws://host.docker.internal:3001/_next/webpack-hmr?id=lK5i8T8gTT5YqR54n-8SD' failed: Error during WebSocket handshake: net::ERR_INVALID_HTTP_RESPONSE @ http://host.docker.internal:3001/_next/static/chunks/1hdb_next_dist_client_1m-2eb_._.js:13422
[  182537ms] [ERROR] WebSocket connection to 'ws://host.docker.internal:3001/_next/webpack-hmr?id=lK5i8T8gTT5YqR54n-8SD' failed: Error during WebSocket handshake: net::ERR_INVALID_HTTP_RESPONSE @ http://host.docker.internal:3001/_next/static/chunks/1hdb_next_dist_client_1m-2eb_._.js:13422
[  190742ms] [ERROR] WebSocket connection to 'ws://host.docker.internal:3001/_next/webpack-hmr?id=lK5i8T8gTT5YqR54n-8SD' failed: Error during WebSocket handshake: net::ERR_INVALID_HTTP_RESPONSE @ http://host.docker.internal:3001/_next/static/chunks/1hdb_next_dist_client_1m-2eb_._.js:13422
[  197128ms] [ERROR] WebSocket connection to 'ws://host.docker.internal:3001/_next/webpack-hmr?id=lK5i8T8gTT5YqR54n-8SD' failed: Error during WebSocket handshake: net::ERR_INVALID_HTTP_RESPONSE @ http://host.docker.internal:3001/_next/static/chunks/1hdb_next_dist_client_1m-2eb_._.js:13422
[  204808ms] [ERROR] WebSocket connection to 'ws://host.docker.internal:3001/_next/webpack-hmr?id=lK5i8T8gTT5YqR54n-8SD' failed: Error during WebSocket handshake: net::ERR_INVALID_HTTP_RESPONSE @ http://host.docker.internal:3001/_next/static/chunks/1hdb_next_dist_client_1m-2eb_._.js:13422
[  213995ms] [ERROR] WebSocket connection to 'ws://host.docker.internal:3001/_next/webpack-hmr?id=lK5i8T8gTT5YqR54n-8SD' failed: Error during WebSocket handshake: net::ERR_INVALID_HTTP_RESPONSE @ http://host.docker.internal:3001/_next/static/chunks/1hdb_next_dist_client_1m-2eb_._.js:13422
[  218998ms] [ERROR] WebSocket connection to 'ws://host.docker.internal:3001/_next/webpack-hmr?id=lK5i8T8gTT5YqR54n-8SD' failed: Error during WebSocket handshake: net::ERR_INVALID_HTTP_RESPONSE @ http://host.docker.internal:3001/_next/static/chunks/1hdb_next_dist_client_1m-2eb_._.js:13422
[  224002ms] [ERROR] WebSocket connection to 'ws://host.docker.internal:3001/_next/webpack-hmr?id=lK5i8T8gTT5YqR54n-8SD' failed: Error during WebSocket handshake: net::ERR_INVALID_HTTP_RESPONSE @ http://host.docker.internal:3001/_next/static/chunks/1hdb_next_dist_client_1m-2eb_._.js:13422
[  229005ms] [ERROR] WebSocket connection to 'ws://host.docker.internal:3001/_next/webpack-hmr?id=lK5i8T8gTT5YqR54n-8SD' failed: Error during WebSocket handshake: net::ERR_INVALID_HTTP_RESPONSE @ http://host.docker.internal:3001/_next/static/chunks/1hdb_next_dist_client_1m-2eb_._.js:13422
[  229664ms] [INFO] %cDownload the React DevTools for a better development experience: https://react.dev/link/react-devtools font-weight:bold @ http://host.docker.internal:3001/_next/static/chunks/1hdb_next_dist_1icsjrr._.js:2477
[  229686ms] [ERROR] WebSocket connection to 'ws://host.docker.internal:3001/_next/webpack-hmr?id=tjOiFWVCYsg27MninEC09' failed: Error during WebSocket handshake: net::ERR_INVALID_HTTP_RESPONSE @ http://host.docker.internal:3001/_next/static/chunks/1hdb_next_dist_client_1m-2eb_._.js:13422
[  231469ms] [ERROR] WebSocket connection to 'ws://host.docker.internal:3001/_next/webpack-hmr?id=tjOiFWVCYsg27MninEC09' failed: Error during WebSocket handshake: net::ERR_INVALID_HTTP_RESPONSE @ http://host.docker.internal:3001/_next/static/chunks/1hdb_next_dist_client_1m-2eb_._.js:13422
[  232475ms] [ERROR] WebSocket connection to 'ws://host.docker.internal:3001/_next/webpack-hmr?id=tjOiFWVCYsg27MninEC09' failed: Error during WebSocket handshake: net::ERR_INVALID_HTTP_RESPONSE @ http://host.docker.internal:3001/_next/static/chunks/1hdb_next_dist_client_1m-2eb_._.js:13422
[  233482ms] [ERROR] WebSocket connection to 'ws://host.docker.internal:3001/_next/webpack-hmr?id=tjOiFWVCYsg27MninEC09' failed: Error during WebSocket handshake: net::ERR_INVALID_HTTP_RESPONSE @ http://host.docker.internal:3001/_next/static/chunks/1hdb_next_dist_client_1m-2eb_._.js:13422
[  234491ms] [ERROR] WebSocket connection to 'ws://host.docker.internal:3001/_next/webpack-hmr?id=tjOiFWVCYsg27MninEC09' failed: Error during WebSocket handshake: net::ERR_INVALID_HTTP_RESPONSE @ http://host.docker.internal:3001/_next/static/chunks/1hdb_next_dist_client_1m-2eb_._.js:13422
[  235528ms] [ERROR] WebSocket connection to 'ws://host.docker.internal:3001/_next/webpack-hmr?id=tjOiFWVCYsg27MninEC09' failed: Error during WebSocket handshake: net::ERR_INVALID_HTTP_RESPONSE @ http://host.docker.internal:3001/_next/static/chunks/1hdb_next_dist_client_1m-2eb_._.js:13422
[  237030ms] [INFO] %cDownload the React DevTools for a better development experience: https://react.dev/link/react-devtools font-weight:bold @ http://host.docker.internal:3001/_next/static/chunks/1hdb_next_dist_1icsjrr._.js:2477
[  237114ms] [ERROR] WebSocket connection to 'ws://host.docker.internal:3001/_next/webpack-hmr?id=CalQ23BvISLf6eaKxVv1l' failed: Error during WebSocket handshake: net::ERR_INVALID_HTTP_RESPONSE @ http://host.docker.internal:3001/_next/static/chunks/1hdb_next_dist_client_1m-2eb_._.js:13422
[  238219ms] [ERROR] WebSocket connection to 'ws://host.docker.internal:3001/_next/webpack-hmr?id=CalQ23BvISLf6eaKxVv1l' failed: Error during WebSocket handshake: net::ERR_INVALID_HTTP_RESPONSE @ http://host.docker.internal:3001/_next/static/chunks/1hdb_next_dist_client_1m-2eb_._.js:13422
[  239387ms] [ERROR] WebSocket connection to 'ws://host.docker.internal:3001/_next/webpack-hmr?id=CalQ23BvISLf6eaKxVv1l' failed: Error during WebSocket handshake: net::ERR_INVALID_HTTP_RESPONSE @ http://host.docker.internal:3001/_next/static/chunks/1hdb_next_dist_client_1m-2eb_._.js:13422
[  240670ms] [ERROR] WebSocket connection to 'ws://host.docker.internal:3001/_next/webpack-hmr?id=CalQ23BvISLf6eaKxVv1l' failed: Error during WebSocket handshake: net::ERR_INVALID_HTTP_RESPONSE @ http://host.docker.internal:3001/_next/static/chunks/1hdb_next_dist_client_1m-2eb_._.js:13422
[  242173ms] [ERROR] WebSocket connection to 'ws://host.docker.internal:3001/_next/webpack-hmr?id=CalQ23BvISLf6eaKxVv1l' failed: Error during WebSocket handshake: net::ERR_INVALID_HTTP_RESPONSE @ http://host.docker.internal:3001/_next/static/chunks/1hdb_next_dist_client_1m-2eb_._.js:13422
[  244415ms] [ERROR] WebSocket connection to 'ws://host.docker.internal:3001/_next/webpack-hmr?id=CalQ23BvISLf6eaKxVv1l' failed: Error during WebSocket handshake: net::ERR_INVALID_HTTP_RESPONSE @ http://host.docker.internal:3001/_next/static/chunks/1hdb_next_dist_client_1m-2eb_._.js:13422
[  253430ms] [ERROR] WebSocket connection to 'ws://host.docker.internal:3001/_next/webpack-hmr?id=CalQ23BvISLf6eaKxVv1l' failed: Error during WebSocket handshake: net::ERR_INVALID_HTTP_RESPONSE @ http://host.docker.internal:3001/_next/static/chunks/1hdb_next_dist_client_1m-2eb_._.js:13422
[  264163ms] [ERROR] WebSocket connection to 'ws://host.docker.internal:3001/_next/webpack-hmr?id=CalQ23BvISLf6eaKxVv1l' failed: Error during WebSocket handshake: net::ERR_INVALID_HTTP_RESPONSE @ http://host.docker.internal:3001/_next/static/chunks/1hdb_next_dist_client_1m-2eb_._.js:13422
[  271098ms] [ERROR] WebSocket connection to 'ws://host.docker.internal:3001/_next/webpack-hmr?id=CalQ23BvISLf6eaKxVv1l' failed: Error during WebSocket handshake: net::ERR_INVALID_HTTP_RESPONSE @ http://host.docker.internal:3001/_next/static/chunks/1hdb_next_dist_client_1m-2eb_._.js:13422
