[     253ms] [INFO] %cDownload the React DevTools for a better development experience: https://react.dev/link/react-devtools font-weight:bold @ http://host.docker.internal:3001/_next/static/chunks/1hdb_next_dist_1icsjrr._.js:2477
[     354ms] [ERROR] WebSocket connection to 'ws://host.docker.internal:3001/_next/webpack-hmr?id=E6FmYX3fagCUD4RS8wf_H' failed: Error during WebSocket handshake: net::ERR_INVALID_HTTP_RESPONSE @ http://host.docker.internal:3001/_next/static/chunks/1hdb_next_dist_client_1m-2eb_._.js:13422
[    1357ms] [ERROR] WebSocket connection to 'ws://host.docker.internal:3001/_next/webpack-hmr?id=E6FmYX3fagCUD4RS8wf_H' failed: Error during WebSocket handshake: net::ERR_INVALID_HTTP_RESPONSE @ http://host.docker.internal:3001/_next/static/chunks/1hdb_next_dist_client_1m-2eb_._.js:13422
[    2361ms] [ERROR] WebSocket connection to 'ws://host.docker.internal:3001/_next/webpack-hmr?id=E6FmYX3fagCUD4RS8wf_H' failed: Error during WebSocket handshake: net::ERR_INVALID_HTTP_RESPONSE @ http://host.docker.internal:3001/_next/static/chunks/1hdb_next_dist_client_1m-2eb_._.js:13422
[    3365ms] [ERROR] WebSocket connection to 'ws://host.docker.internal:3001/_next/webpack-hmr?id=E6FmYX3fagCUD4RS8wf_H' failed: Error during WebSocket handshake: net::ERR_INVALID_HTTP_RESPONSE @ http://host.docker.internal:3001/_next/static/chunks/1hdb_next_dist_client_1m-2eb_._.js:13422
[    4370ms] [ERROR] WebSocket connection to 'ws://host.docker.internal:3001/_next/webpack-hmr?id=E6FmYX3fagCUD4RS8wf_H' failed: Error during WebSocket handshake: net::ERR_INVALID_HTTP_RESPONSE @ http://host.docker.internal:3001/_next/static/chunks/1hdb_next_dist_client_1m-2eb_._.js:13422
[    5378ms] [ERROR] WebSocket connection to 'ws://host.docker.internal:3001/_next/webpack-hmr?id=E6FmYX3fagCUD4RS8wf_H' failed: Error during WebSocket handshake: net::ERR_INVALID_HTTP_RESPONSE @ http://host.docker.internal:3001/_next/static/chunks/1hdb_next_dist_client_1m-2eb_._.js:13422
[   10385ms] [ERROR] WebSocket connection to 'ws://host.docker.internal:3001/_next/webpack-hmr?id=E6FmYX3fagCUD4RS8wf_H' failed: Error during WebSocket handshake: net::ERR_INVALID_HTTP_RESPONSE @ http://host.docker.internal:3001/_next/static/chunks/1hdb_next_dist_client_1m-2eb_._.js:13422
[   15402ms] [ERROR] WebSocket connection to 'ws://host.docker.internal:3001/_next/webpack-hmr?id=E6FmYX3fagCUD4RS8wf_H' failed: Error during WebSocket handshake: net::ERR_INVALID_HTTP_RESPONSE @ http://host.docker.internal:3001/_next/static/chunks/1hdb_next_dist_client_1m-2eb_._.js:13422
[   21601ms] [ERROR] WebSocket connection to 'ws://host.docker.internal:3001/_next/webpack-hmr?id=E6FmYX3fagCUD4RS8wf_H' failed: Error during WebSocket handshake: net::ERR_INVALID_HTTP_RESPONSE @ http://host.docker.internal:3001/_next/static/chunks/1hdb_next_dist_client_1m-2eb_._.js:13422
[   26631ms] [ERROR] WebSocket connection to 'ws://host.docker.internal:3001/_next/webpack-hmr?id=E6FmYX3fagCUD4RS8wf_H' failed: Error during WebSocket handshake: net::ERR_INVALID_HTTP_RESPONSE @ http://host.docker.internal:3001/_next/static/chunks/1hdb_next_dist_client_1m-2eb_._.js:13422
[   31717ms] [ERROR] WebSocket connection to 'ws://host.docker.internal:3001/_next/webpack-hmr?id=E6FmYX3fagCUD4RS8wf_H' failed: Error during WebSocket handshake: net::ERR_INVALID_HTTP_RESPONSE @ http://host.docker.internal:3001/_next/static/chunks/1hdb_next_dist_client_1m-2eb_._.js:13422
[   37033ms] [ERROR] WebSocket connection to 'ws://host.docker.internal:3001/_next/webpack-hmr?id=E6FmYX3fagCUD4RS8wf_H' failed: Error during WebSocket handshake: net::ERR_INVALID_HTTP_RESPONSE @ http://host.docker.internal:3001/_next/static/chunks/1hdb_next_dist_client_1m-2eb_._.js:13422
[   42220ms] [ERROR] WebSocket connection to 'ws://host.docker.internal:3001/_next/webpack-hmr?id=E6FmYX3fagCUD4RS8wf_H' failed: Error during WebSocket handshake: net::ERR_INVALID_HTTP_RESPONSE @ http://host.docker.internal:3001/_next/static/chunks/1hdb_next_dist_client_1m-2eb_._.js:13422
[   42347ms] [INFO] %cDownload the React DevTools for a better development experience: https://react.dev/link/react-devtools font-weight:bold @ http://host.docker.internal:3001/_next/static/chunks/1hdb_next_dist_1icsjrr._.js:2477
[   42734ms] [ERROR] WebSocket connection to 'ws://host.docker.internal:3001/_next/webpack-hmr?id=W1lDd5UOZBVr46ARrMlcR' failed: Error during WebSocket handshake: net::ERR_INVALID_HTTP_RESPONSE @ http://host.docker.internal:3001/_next/static/chunks/1hdb_next_dist_client_1m-2eb_._.js:13422
[   44546ms] [ERROR] WebSocket connection to 'ws://host.docker.internal:3001/_next/webpack-hmr?id=W1lDd5UOZBVr46ARrMlcR' failed: Error during WebSocket handshake: net::ERR_INVALID_HTTP_RESPONSE @ http://host.docker.internal:3001/_next/static/chunks/1hdb_next_dist_client_1m-2eb_._.js:13422
[   48505ms] [ERROR] WebSocket connection to 'ws://host.docker.internal:3001/_next/webpack-hmr?id=W1lDd5UOZBVr46ARrMlcR' failed: Error during WebSocket handshake: net::ERR_INVALID_HTTP_RESPONSE @ http://host.docker.internal:3001/_next/static/chunks/1hdb_next_dist_client_1m-2eb_._.js:13422
[   54773ms] [ERROR] WebSocket connection to 'ws://host.docker.internal:3001/_next/webpack-hmr?id=W1lDd5UOZBVr46ARrMlcR' failed: Error during WebSocket handshake: net::ERR_INVALID_HTTP_RESPONSE @ http://host.docker.internal:3001/_next/static/chunks/1hdb_next_dist_client_1m-2eb_._.js:13422
[   60445ms] [ERROR] WebSocket connection to 'ws://host.docker.internal:3001/_next/webpack-hmr?id=W1lDd5UOZBVr46ARrMlcR' failed: Error during WebSocket handshake: net::ERR_INVALID_HTTP_RESPONSE @ http://host.docker.internal:3001/_next/static/chunks/1hdb_next_dist_client_1m-2eb_._.js:13422
[   63356ms] [ERROR] WebSocket connection to 'ws://host.docker.internal:3001/_next/webpack-hmr?id=W1lDd5UOZBVr46ARrMlcR' failed: Error during WebSocket handshake: net::ERR_INVALID_HTTP_RESPONSE @ http://host.docker.internal:3001/_next/static/chunks/1hdb_next_dist_client_1m-2eb_._.js:13422
[   71013ms] [ERROR] WebSocket connection to 'ws://host.docker.internal:3001/_next/webpack-hmr?id=W1lDd5UOZBVr46ARrMlcR' failed: Error during WebSocket handshake: net::ERR_INVALID_HTTP_RESPONSE @ http://host.docker.internal:3001/_next/static/chunks/1hdb_next_dist_client_1m-2eb_._.js:13422
[   80868ms] [ERROR] WebSocket connection to 'ws://host.docker.internal:3001/_next/webpack-hmr?id=W1lDd5UOZBVr46ARrMlcR' failed: Error during WebSocket handshake: net::ERR_INVALID_HTTP_RESPONSE @ http://host.docker.internal:3001/_next/static/chunks/1hdb_next_dist_client_1m-2eb_._.js:13422
[   88147ms] [ERROR] WebSocket connection to 'ws://host.docker.internal:3001/_next/webpack-hmr?id=W1lDd5UOZBVr46ARrMlcR' failed: Error during WebSocket handshake: net::ERR_INVALID_HTTP_RESPONSE @ http://host.docker.internal:3001/_next/static/chunks/1hdb_next_dist_client_1m-2eb_._.js:13422
[   95436ms] [ERROR] WebSocket connection to 'ws://host.docker.internal:3001/_next/webpack-hmr?id=W1lDd5UOZBVr46ARrMlcR' failed: Error during WebSocket handshake: net::ERR_INVALID_HTTP_RESPONSE @ http://host.docker.internal:3001/_next/static/chunks/1hdb_next_dist_client_1m-2eb_._.js:13422
[  103941ms] [ERROR] WebSocket connection to 'ws://host.docker.internal:3001/_next/webpack-hmr?id=W1lDd5UOZBVr46ARrMlcR' failed: Error during WebSocket handshake: net::ERR_INVALID_HTTP_RESPONSE @ http://host.docker.internal:3001/_next/static/chunks/1hdb_next_dist_client_1m-2eb_._.js:13422
